DEPRECATION WARNING: You didn't set `secret_key_base`. Read the upgrade documentation to learn more about this new config option. (called from env_config at /Users/ruben/.gem/ruby/2.4.1/gems/railties-5.1.2/lib/rails/application.rb:247)
DEPRECATION WARNING: You didn't set `secret_key_base`. Read the upgrade documentation to learn more about this new config option. (called from env_config at /Users/ruben/.gem/ruby/2.4.1/gems/railties-5.1.2/lib/rails/application.rb:247)
Started GET "/" for ::1 at 2017-09-11 14:45:34 +0200
  
Gem::LoadError (Specified 'mysql2' for database adapter, but the gem is not loaded. Add `gem 'mysql2'` to your Gemfile (and ensure its version is at the minimum required by ActiveRecord).):
  
activerecord (5.1.2) lib/active_record/connection_adapters/connection_specification.rb:188:in `rescue in spec'
activerecord (5.1.2) lib/active_record/connection_adapters/connection_specification.rb:185:in `spec'
activerecord (5.1.2) lib/active_record/connection_adapters/abstract/connection_pool.rb:880:in `establish_connection'
activerecord (5.1.2) lib/active_record/connection_handling.rb:58:in `establish_connection'
activerecord (5.1.2) lib/active_record/railtie.rb:124:in `block (2 levels) in <class:Railtie>'
activesupport (5.1.2) lib/active_support/lazy_load_hooks.rb:45:in `instance_eval'
activesupport (5.1.2) lib/active_support/lazy_load_hooks.rb:45:in `execute_hook'
activesupport (5.1.2) lib/active_support/lazy_load_hooks.rb:52:in `block in run_load_hooks'
activesupport (5.1.2) lib/active_support/lazy_load_hooks.rb:51:in `each'
activesupport (5.1.2) lib/active_support/lazy_load_hooks.rb:51:in `run_load_hooks'
activerecord (5.1.2) lib/active_record/base.rb:326:in `<module:ActiveRecord>'
activerecord (5.1.2) lib/active_record/base.rb:25:in `<top (required)>'
activesupport (5.1.2) lib/active_support/dependencies.rb:292:in `require'
activesupport (5.1.2) lib/active_support/dependencies.rb:292:in `block in require'
activesupport (5.1.2) lib/active_support/dependencies.rb:258:in `load_dependency'
activesupport (5.1.2) lib/active_support/dependencies.rb:292:in `require'
activerecord (5.1.2) lib/active_record/migration.rb:562:in `connection'
activerecord (5.1.2) lib/active_record/migration.rb:553:in `call'
actionpack (5.1.2) lib/action_dispatch/middleware/callbacks.rb:26:in `block in call'
activesupport (5.1.2) lib/active_support/callbacks.rb:97:in `run_callbacks'
actionpack (5.1.2) lib/action_dispatch/middleware/callbacks.rb:24:in `call'
actionpack (5.1.2) lib/action_dispatch/middleware/executor.rb:12:in `call'
actionpack (5.1.2) lib/action_dispatch/middleware/debug_exceptions.rb:59:in `call'
web-console (3.5.1) lib/web_console/middleware.rb:135:in `call_app'
web-console (3.5.1) lib/web_console/middleware.rb:28:in `block in call'
web-console (3.5.1) lib/web_console/middleware.rb:18:in `catch'
web-console (3.5.1) lib/web_console/middleware.rb:18:in `call'
actionpack (5.1.2) lib/action_dispatch/middleware/show_exceptions.rb:31:in `call'
railties (5.1.2) lib/rails/rack/logger.rb:36:in `call_app'
railties (5.1.2) lib/rails/rack/logger.rb:24:in `block in call'
activesupport (5.1.2) lib/active_support/tagged_logging.rb:69:in `block in tagged'
activesupport (5.1.2) lib/active_support/tagged_logging.rb:26:in `tagged'
activesupport (5.1.2) lib/active_support/tagged_logging.rb:69:in `tagged'
railties (5.1.2) lib/rails/rack/logger.rb:24:in `call'
sprockets-rails (3.2.0) lib/sprockets/rails/quiet_assets.rb:13:in `call'
actionpack (5.1.2) lib/action_dispatch/middleware/remote_ip.rb:79:in `call'
actionpack (5.1.2) lib/action_dispatch/middleware/request_id.rb:25:in `call'
rack (2.0.3) lib/rack/method_override.rb:22:in `call'
rack (2.0.3) lib/rack/runtime.rb:22:in `call'
activesupport (5.1.2) lib/active_support/cache/strategy/local_cache_middleware.rb:27:in `call'
actionpack (5.1.2) lib/action_dispatch/middleware/executor.rb:12:in `call'
actionpack (5.1.2) lib/action_dispatch/middleware/static.rb:125:in `call'
rack (2.0.3) lib/rack/sendfile.rb:111:in `call'
railties (5.1.2) lib/rails/engine.rb:522:in `call'
rack (2.0.3) lib/rack/handler/webrick.rb:86:in `service'
/Users/ruben/.rubies/ruby-2.4.1/lib/ruby/2.4.0/webrick/httpserver.rb:140:in `service'
/Users/ruben/.rubies/ruby-2.4.1/lib/ruby/2.4.0/webrick/httpserver.rb:96:in `run'
/Users/ruben/.rubies/ruby-2.4.1/lib/ruby/2.4.0/webrick/server.rb:290:in `block in start_thread'
Started GET "/" for ::1 at 2017-09-11 14:47:42 +0200
  
LoadError (Could not load 'active_record/connection_adapters/mysql_adapter'. Make sure that the adapter in config/database.yml is valid. If you use an adapter other than 'mysql2', 'postgresql' or 'sqlite3' add the necessary adapter gem to the Gemfile.):
  
activesupport (5.1.2) lib/active_support/dependencies.rb:292:in `require'
activesupport (5.1.2) lib/active_support/dependencies.rb:292:in `block in require'
activesupport (5.1.2) lib/active_support/dependencies.rb:258:in `load_dependency'
activesupport (5.1.2) lib/active_support/dependencies.rb:292:in `require'
activerecord (5.1.2) lib/active_record/connection_adapters/connection_specification.rb:186:in `spec'
activerecord (5.1.2) lib/active_record/connection_adapters/abstract/connection_pool.rb:880:in `establish_connection'
activerecord (5.1.2) lib/active_record/connection_handling.rb:58:in `establish_connection'
activerecord (5.1.2) lib/active_record/railtie.rb:124:in `block (2 levels) in <class:Railtie>'
activesupport (5.1.2) lib/active_support/lazy_load_hooks.rb:45:in `instance_eval'
activesupport (5.1.2) lib/active_support/lazy_load_hooks.rb:45:in `execute_hook'
activesupport (5.1.2) lib/active_support/lazy_load_hooks.rb:52:in `block in run_load_hooks'
activesupport (5.1.2) lib/active_support/lazy_load_hooks.rb:51:in `each'
activesupport (5.1.2) lib/active_support/lazy_load_hooks.rb:51:in `run_load_hooks'
activerecord (5.1.2) lib/active_record/base.rb:326:in `<module:ActiveRecord>'
activerecord (5.1.2) lib/active_record/base.rb:25:in `<top (required)>'
activesupport (5.1.2) lib/active_support/dependencies.rb:292:in `require'
activesupport (5.1.2) lib/active_support/dependencies.rb:292:in `block in require'
activesupport (5.1.2) lib/active_support/dependencies.rb:258:in `load_dependency'
activesupport (5.1.2) lib/active_support/dependencies.rb:292:in `require'
activerecord (5.1.2) lib/active_record/migration.rb:562:in `connection'
activerecord (5.1.2) lib/active_record/migration.rb:553:in `call'
actionpack (5.1.2) lib/action_dispatch/middleware/callbacks.rb:26:in `block in call'
activesupport (5.1.2) lib/active_support/callbacks.rb:97:in `run_callbacks'
actionpack (5.1.2) lib/action_dispatch/middleware/callbacks.rb:24:in `call'
actionpack (5.1.2) lib/action_dispatch/middleware/executor.rb:12:in `call'
actionpack (5.1.2) lib/action_dispatch/middleware/debug_exceptions.rb:59:in `call'
web-console (3.5.1) lib/web_console/middleware.rb:135:in `call_app'
web-console (3.5.1) lib/web_console/middleware.rb:28:in `block in call'
web-console (3.5.1) lib/web_console/middleware.rb:18:in `catch'
web-console (3.5.1) lib/web_console/middleware.rb:18:in `call'
actionpack (5.1.2) lib/action_dispatch/middleware/show_exceptions.rb:31:in `call'
railties (5.1.2) lib/rails/rack/logger.rb:36:in `call_app'
railties (5.1.2) lib/rails/rack/logger.rb:24:in `block in call'
activesupport (5.1.2) lib/active_support/tagged_logging.rb:69:in `block in tagged'
activesupport (5.1.2) lib/active_support/tagged_logging.rb:26:in `tagged'
activesupport (5.1.2) lib/active_support/tagged_logging.rb:69:in `tagged'
railties (5.1.2) lib/rails/rack/logger.rb:24:in `call'
sprockets-rails (3.2.0) lib/sprockets/rails/quiet_assets.rb:13:in `call'
actionpack (5.1.2) lib/action_dispatch/middleware/remote_ip.rb:79:in `call'
actionpack (5.1.2) lib/action_dispatch/middleware/request_id.rb:25:in `call'
rack (2.0.3) lib/rack/method_override.rb:22:in `call'
rack (2.0.3) lib/rack/runtime.rb:22:in `call'
activesupport (5.1.2) lib/active_support/cache/strategy/local_cache_middleware.rb:27:in `call'
actionpack (5.1.2) lib/action_dispatch/middleware/executor.rb:12:in `call'
actionpack (5.1.2) lib/action_dispatch/middleware/static.rb:125:in `call'
rack (2.0.3) lib/rack/sendfile.rb:111:in `call'
railties (5.1.2) lib/rails/engine.rb:522:in `call'
rack (2.0.3) lib/rack/handler/webrick.rb:86:in `service'
/Users/ruben/.rubies/ruby-2.4.1/lib/ruby/2.4.0/webrick/httpserver.rb:140:in `service'
/Users/ruben/.rubies/ruby-2.4.1/lib/ruby/2.4.0/webrick/httpserver.rb:96:in `run'
/Users/ruben/.rubies/ruby-2.4.1/lib/ruby/2.4.0/webrick/server.rb:290:in `block in start_thread'
  [1m[35m (0.1ms)[0m  [1m[34mSELECT sqlite_version(*)[0m
  [1m[35m (1.2ms)[0m  [1m[35mCREATE TABLE "schema_migrations" ("version" varchar NOT NULL PRIMARY KEY)[0m
  [1m[35m (1.0ms)[0m  [1m[35mCREATE TABLE "ar_internal_metadata" ("key" varchar NOT NULL PRIMARY KEY, "value" varchar, "created_at" datetime NOT NULL, "updated_at" datetime NOT NULL)[0m
  [1m[35m (0.1ms)[0m  [1m[34mSELECT "schema_migrations"."version" FROM "schema_migrations" ORDER BY "schema_migrations"."version" ASC[0m
Migrating to CreateProjects (20170911122741)
  [1m[35m (0.1ms)[0m  [1m[36mbegin transaction[0m
  [1m[35m (0.6ms)[0m  [1m[35mCREATE TABLE "projects" ("id" INTEGER PRIMARY KEY AUTOINCREMENT NOT NULL, "name" varchar NOT NULL, "decription" varchar, "start_at" date NOT NULL, "end_at" date NOT NULL, "initial_end_at" date NOT NULL, "advancement" decimal(5,2) DEFAULT '0.0' NOT NULL, "is_important" boolean DEFAULT 'f' NOT NULL, "created_by" integer NOT NULL, "updated_by" integer NOT NULL, "created_at" datetime NOT NULL, "updated_at" datetime NOT NULL)[0m
  [1m[35mSQL (0.2ms)[0m  [1m[32mINSERT INTO "schema_migrations" ("version") VALUES (?)[0m  [["version", "20170911122741"]]
  [1m[35m (0.8ms)[0m  [1m[36mcommit transaction[0m
  [1m[36mActiveRecord::InternalMetadata Load (0.2ms)[0m  [1m[34mSELECT  "ar_internal_metadata".* FROM "ar_internal_metadata" WHERE "ar_internal_metadata"."key" = ? LIMIT ?[0m  [["key", "environment"], ["LIMIT", 1]]
  [1m[35m (0.1ms)[0m  [1m[36mbegin transaction[0m
  [1m[35mSQL (1.0ms)[0m  [1m[32mINSERT INTO "ar_internal_metadata" ("key", "value", "created_at", "updated_at") VALUES (?, ?, ?, ?)[0m  [["key", "environment"], ["value", "development"], ["created_at", "2017-09-11 13:15:08.772287"], ["updated_at", "2017-09-11 13:15:08.772287"]]
  [1m[35m (0.6ms)[0m  [1m[36mcommit transaction[0m
  [1m[35m (0.1ms)[0m  [1m[34mSELECT "schema_migrations"."version" FROM "schema_migrations" ORDER BY "schema_migrations"."version" ASC[0m
Started GET "/" for ::1 at 2017-09-11 15:33:25 +0200
  [1m[35m (0.2ms)[0m  [1m[34mSELECT "schema_migrations"."version" FROM "schema_migrations" ORDER BY "schema_migrations"."version" ASC[0m
Processing by ProjectsController#index as HTML
  Rendering projects/index.html.erb within layouts/application
  [1m[36mProject Load (0.3ms)[0m  [1m[34mSELECT "projects".* FROM "projects"[0m
  Rendered projects/index.html.erb within layouts/application (4.1ms)
Completed 200 OK in 379ms (Views: 366.1ms | ActiveRecord: 0.5ms)


Started GET "/" for ::1 at 2017-09-11 15:49:39 +0200
  [1m[35m (0.2ms)[0m  [1m[34mSELECT "schema_migrations"."version" FROM "schema_migrations" ORDER BY "schema_migrations"."version" ASC[0m
Processing by ProjectsController#index as HTML
  Rendering projects/index.html.erb within layouts/application
  [1m[36mProject Load (0.2ms)[0m  [1m[34mSELECT "projects".* FROM "projects"[0m
  Rendered projects/index.html.erb within layouts/application (3.6ms)
Completed 200 OK in 213ms (Views: 200.0ms | ActiveRecord: 0.6ms)


Started GET "/projects/new" for ::1 at 2017-09-11 15:49:47 +0200
Processing by ProjectsController#new as HTML
  Rendering projects/new.html.erb within layouts/application
  Rendered projects/_form.html.erb (18.5ms)
  Rendered projects/new.html.erb within layouts/application (20.4ms)
Completed 200 OK in 61ms (Views: 38.4ms | ActiveRecord: 0.7ms)


Started POST "/projects" for ::1 at 2017-09-11 15:49:49 +0200
Processing by ProjectsController#create as HTML
  Parameters: {"utf8"=>"✓", "authenticity_token"=>"SsewtsJb9A0kqOFuKlJgZ3ZkXXaSiSRnGWbLAmnUyTxUEWGAgdDvJpZsnn4w+eYxqYPjTNpTcWS6gNGER/TrSw==", "project"=>{"name"=>"", "decription"=>"", "start_at(1i)"=>"2017", "start_at(2i)"=>"9", "start_at(3i)"=>"11", "end_at(1i)"=>"2017", "end_at(2i)"=>"9", "end_at(3i)"=>"11", "initial_end_at(1i)"=>"2017", "initial_end_at(2i)"=>"9", "initial_end_at(3i)"=>"11", "advancement"=>"0.0", "is_important"=>"0", "created_by"=>"", "updated_by"=>""}, "commit"=>"Create Project"}
  [1m[35m (0.1ms)[0m  [1m[36mbegin transaction[0m
  [1m[35mSQL (0.6ms)[0m  [1m[32mINSERT INTO "projects" ("name", "decription", "start_at", "end_at", "initial_end_at", "created_at", "updated_at") VALUES (?, ?, ?, ?, ?, ?, ?)[0m  [["name", ""], ["decription", ""], ["start_at", "2017-09-11"], ["end_at", "2017-09-11"], ["initial_end_at", "2017-09-11"], ["created_at", "2017-09-11 13:49:49.824338"], ["updated_at", "2017-09-11 13:49:49.824338"]]
  [1m[35m (0.1ms)[0m  [1m[31mrollback transaction[0m
Completed 500 Internal Server Error in 7ms (ActiveRecord: 0.8ms)


  
ActiveRecord::NotNullViolation (SQLite3::ConstraintException: NOT NULL constraint failed: projects.created_by: INSERT INTO "projects" ("name", "decription", "start_at", "end_at", "initial_end_at", "created_at", "updated_at") VALUES (?, ?, ?, ?, ?, ?, ?)):
  
app/controllers/projects_controller.rb:30:in `block in create'
app/controllers/projects_controller.rb:29:in `create'
Started GET "/" for ::1 at 2017-09-11 15:49:53 +0200
Processing by ProjectsController#index as HTML
  Rendering projects/index.html.erb within layouts/application
  [1m[36mProject Load (0.3ms)[0m  [1m[34mSELECT "projects".* FROM "projects"[0m
  Rendered projects/index.html.erb within layouts/application (4.2ms)
Completed 200 OK in 42ms (Views: 37.2ms | ActiveRecord: 0.3ms)


  [1m[35m (0.2ms)[0m  [1m[34mSELECT "schema_migrations"."version" FROM "schema_migrations" ORDER BY "schema_migrations"."version" ASC[0m
  [1m[36mActiveRecord::InternalMetadata Load (0.1ms)[0m  [1m[34mSELECT  "ar_internal_metadata".* FROM "ar_internal_metadata" WHERE "ar_internal_metadata"."key" = ? LIMIT ?[0m  [["key", "environment"], ["LIMIT", 1]]
  [1m[35m (0.1ms)[0m  [1m[36mbegin transaction[0m
  [1m[35m (0.1ms)[0m  [1m[36mcommit transaction[0m
  [1m[35m (0.1ms)[0m  [1m[34mSELECT "schema_migrations"."version" FROM "schema_migrations" ORDER BY "schema_migrations"."version" ASC[0m
Started GET "/" for ::1 at 2017-09-11 15:51:12 +0200
  [1m[35m (0.2ms)[0m  [1m[34mSELECT "schema_migrations"."version" FROM "schema_migrations" ORDER BY "schema_migrations"."version" ASC[0m
Processing by ProjectsController#index as HTML
  Rendering projects/index.html.erb within layouts/application
  [1m[36mProject Load (0.2ms)[0m  [1m[34mSELECT "projects".* FROM "projects"[0m
  Rendered projects/index.html.erb within layouts/application (3.9ms)
Completed 200 OK in 199ms (Views: 187.2ms | ActiveRecord: 0.7ms)


Started GET "/projects/new" for ::1 at 2017-09-11 15:51:15 +0200
Processing by ProjectsController#new as HTML
  Rendering projects/new.html.erb within layouts/application
  Rendered projects/_form.html.erb (19.4ms)
  Rendered projects/new.html.erb within layouts/application (21.4ms)
Completed 200 OK in 60ms (Views: 38.0ms | ActiveRecord: 0.6ms)


Started POST "/projects" for ::1 at 2017-09-11 15:51:31 +0200
Processing by ProjectsController#create as HTML
  Parameters: {"utf8"=>"✓", "authenticity_token"=>"bbfi12HGRlldllxhl1DPeNbsGa2LVWPDBnvsBoW0sKdzYTPhIk1dcu9SI3GN+0kuCQunl8OPNsClnfaAq5SS0A==", "project"=>{"name"=>"toto", "decription"=>"fff", "start_at(1i)"=>"2017", "start_at(2i)"=>"9", "start_at(3i)"=>"11", "end_at(1i)"=>"2017", "end_at(2i)"=>"9", "end_at(3i)"=>"11", "initial_end_at(1i)"=>"2017", "initial_end_at(2i)"=>"9", "initial_end_at(3i)"=>"11", "advancement"=>"0.0", "is_important"=>"1", "created_by"=>"1", "updated_by"=>"1"}, "commit"=>"Create Project"}
  [1m[35m (0.1ms)[0m  [1m[36mbegin transaction[0m
  [1m[35mSQL (0.6ms)[0m  [1m[32mINSERT INTO "projects" ("name", "decription", "start_at", "end_at", "initial_end_at", "is_important", "created_by", "updated_by", "created_at", "updated_at") VALUES (?, ?, ?, ?, ?, ?, ?, ?, ?, ?)[0m  [["name", "toto"], ["decription", "fff"], ["start_at", "2017-09-11"], ["end_at", "2017-09-11"], ["initial_end_at", "2017-09-11"], ["is_important", "t"], ["created_by", 1], ["updated_by", 1], ["created_at", "2017-09-11 13:51:31.546761"], ["updated_at", "2017-09-11 13:51:31.546761"]]
  [1m[35m (1.0ms)[0m  [1m[36mcommit transaction[0m
Redirected to http://localhost:3000/projects/1
Completed 302 Found in 8ms (ActiveRecord: 1.7ms)


Started GET "/projects/1" for ::1 at 2017-09-11 15:51:31 +0200
Processing by ProjectsController#show as HTML
  Parameters: {"id"=>"1"}
  [1m[36mProject Load (0.3ms)[0m  [1m[34mSELECT  "projects".* FROM "projects" WHERE "projects"."id" = ? LIMIT ?[0m  [["id", 1], ["LIMIT", 1]]
  Rendering projects/show.html.erb within layouts/application
  Rendered projects/show.html.erb within layouts/application (1.6ms)
Completed 200 OK in 24ms (Views: 18.5ms | ActiveRecord: 0.3ms)


Started GET "/projects" for ::1 at 2017-09-11 15:51:34 +0200
Processing by ProjectsController#index as HTML
  Rendering projects/index.html.erb within layouts/application
  [1m[36mProject Load (0.4ms)[0m  [1m[34mSELECT "projects".* FROM "projects"[0m
  Rendered projects/index.html.erb within layouts/application (4.2ms)
Completed 200 OK in 30ms (Views: 24.7ms | ActiveRecord: 0.4ms)


